2026-02-16 18:56:24 - DebuggerAgent - INFO - Starting code validation
2026-02-16 18:56:24 - DebuggerAgent - ERROR - JSON decode error: Expecting ',' delimiter at line 3, col 18
2026-02-16 18:56:24 - DebuggerAgent - ERROR - JSON parsing failed with 1 error(s)
2026-02-16 18:56:49 - DebuggerAgent - INFO - Starting code validation
2026-02-16 18:56:49 - DebuggerAgent - ERROR - Code object is None - invalid output from coder
2026-02-16 18:57:17 - DebuggerAgent - INFO - Starting code validation
2026-02-16 18:57:17 - DebuggerAgent - INFO - Validating 1 file(s): ['main.py']
2026-02-16 18:57:17 - DebuggerAgent - INFO - Step 1: Checking syntax
2026-02-16 18:57:17 - DebuggerAgent - INFO - Syntax check passed
2026-02-16 18:57:17 - DebuggerAgent - INFO - Step 2: Checking imports
2026-02-16 18:57:17 - DebuggerAgent - INFO - Import check passed
2026-02-16 18:57:17 - DebuggerAgent - INFO - Step 3: Attempting code execution
2026-02-16 18:57:17 - DebuggerAgent - INFO - Entry point identified: main.py
2026-02-16 18:57:17 - DebuggerAgent - ERROR - Execution failed with return code 1
2026-02-16 18:57:17 - DebuggerAgent - ERROR - Execution failed with 1 error(s)
2026-02-16 18:57:17 - DebuggerAgent - ERROR -   - EOFError: EOF when reading a line
2026-02-16 18:57:17 - DebuggerAgent - ERROR - Validation FAILED with 1 total error(s)
2026-02-17 16:01:27 - DebuggerAgent - INFO - Starting code validation
2026-02-17 16:01:27 - DebuggerAgent - INFO - Validating 1 file(s): ['main.py']
2026-02-17 16:01:27 - DebuggerAgent - INFO - Step 1: Checking syntax
2026-02-17 16:01:27 - DebuggerAgent - ERROR - Syntax error in main.py at line 25: unterminated string literal (detected at line 25)
2026-02-17 16:01:27 - DebuggerAgent - ERROR - Syntax check failed with 1 error(s)
2026-02-17 16:01:27 - DebuggerAgent - ERROR -   - main.py:25 SyntaxError: unterminated string literal (detected at line 25) at line 25
2026-02-17 16:02:13 - DebuggerAgent - INFO - Starting code validation
2026-02-17 16:02:13 - DebuggerAgent - ERROR - Code object is None - invalid output from coder
2026-02-17 16:03:01 - DebuggerAgent - INFO - Starting code validation
2026-02-17 16:03:01 - DebuggerAgent - ERROR - Code object is None - invalid output from coder
2026-02-17 16:03:49 - DebuggerAgent - INFO - Starting code validation
2026-02-17 16:03:49 - DebuggerAgent - ERROR - Code object is None - invalid output from coder
2026-02-17 16:20:45 - DebuggerAgent - INFO - Starting code validation
2026-02-17 16:20:45 - DebuggerAgent - INFO - Validating 1 file(s): ['main.py']
2026-02-17 16:20:45 - DebuggerAgent - INFO - Step 1: Checking syntax
2026-02-17 16:20:45 - DebuggerAgent - INFO - Syntax check passed
2026-02-17 16:20:45 - DebuggerAgent - INFO - Step 2: Checking imports
2026-02-17 16:20:45 - DebuggerAgent - INFO - Import check passed
2026-02-17 16:20:45 - DebuggerAgent - INFO - Step 3: Attempting code execution
2026-02-17 16:20:45 - DebuggerAgent - INFO - Entry point identified: main.py
2026-02-17 16:20:47 - DebuggerAgent - ERROR - Execution failed with return code 1
2026-02-17 16:20:47 - DebuggerAgent - ERROR - Execution failed with 1 error(s)
2026-02-17 16:20:47 - DebuggerAgent - ERROR -   - EOFError: EOF when reading a line
2026-02-17 16:20:47 - DebuggerAgent - ERROR - Validation FAILED with 1 total error(s)
2026-02-17 16:21:37 - DebuggerAgent - INFO - Starting code validation
2026-02-17 16:21:37 - DebuggerAgent - INFO - Validating 1 file(s): ['main.py']
2026-02-17 16:21:37 - DebuggerAgent - INFO - Step 1: Checking syntax
2026-02-17 16:21:37 - DebuggerAgent - INFO - Syntax check passed
2026-02-17 16:21:37 - DebuggerAgent - INFO - Step 2: Checking imports
2026-02-17 16:21:37 - DebuggerAgent - INFO - Import check passed
2026-02-17 16:21:37 - DebuggerAgent - INFO - Step 3: Attempting code execution
2026-02-17 16:21:37 - DebuggerAgent - INFO - Entry point identified: main.py
2026-02-17 16:21:38 - DebuggerAgent - ERROR - Execution failed with return code 1
2026-02-17 16:21:38 - DebuggerAgent - ERROR - Execution failed with 1 error(s)
2026-02-17 16:21:38 - DebuggerAgent - ERROR -   - EOFError: EOF when reading a line
2026-02-17 16:21:38 - DebuggerAgent - ERROR - Validation FAILED with 1 total error(s)
2026-02-17 16:26:16 - DebuggerAgent - INFO - Starting code validation
2026-02-17 16:26:16 - DebuggerAgent - INFO - Validating 1 file(s): ['main.py']
2026-02-17 16:26:16 - DebuggerAgent - INFO - Step 1: Checking syntax
2026-02-17 16:26:16 - DebuggerAgent - INFO - Syntax check passed
2026-02-17 16:26:16 - DebuggerAgent - INFO - Step 2: Checking imports
2026-02-17 16:26:16 - DebuggerAgent - INFO - Import check passed
2026-02-17 16:26:16 - DebuggerAgent - INFO - Step 3: Attempting code execution
2026-02-17 16:35:47 - DebuggerAgent - INFO - Starting code validation
2026-02-17 16:35:47 - DebuggerAgent - INFO - Validating 1 file(s): ['main.py']
2026-02-17 16:35:47 - DebuggerAgent - INFO - Step 1: Checking syntax
2026-02-17 16:35:47 - DebuggerAgent - INFO - Syntax check passed
2026-02-17 16:35:47 - DebuggerAgent - INFO - Step 2: Checking imports
2026-02-17 16:35:47 - DebuggerAgent - INFO - Import check passed
2026-02-17 16:35:47 - DebuggerAgent - INFO - Step 3: Attempting code execution
2026-02-17 16:35:47 - DebuggerAgent - INFO - Entry point identified: main.py
2026-02-17 16:35:47 - DebuggerAgent - WARNING - Code contains input() calls which may cause execution to hang
2026-02-17 16:35:47 - DebuggerAgent - INFO - Execution test passed
2026-02-17 16:35:47 - DebuggerAgent - INFO - All validation checks PASSED
2026-02-17 16:41:33 - DebuggerAgent - INFO - Starting code validation
2026-02-17 16:41:33 - DebuggerAgent - INFO - Validating 1 file(s): ['main.py']
2026-02-17 16:41:33 - DebuggerAgent - INFO - Step 1: Checking syntax
2026-02-17 16:41:33 - DebuggerAgent - INFO - Syntax check passed
2026-02-17 16:41:33 - DebuggerAgent - INFO - Step 2: Checking imports
2026-02-17 16:41:33 - DebuggerAgent - INFO - Import check passed
2026-02-17 16:41:33 - DebuggerAgent - INFO - Step 3: Attempting code execution
2026-02-17 16:41:33 - DebuggerAgent - INFO - Entry point identified: main.py
2026-02-17 16:41:33 - DebuggerAgent - WARNING - Code contains input() calls which may cause execution to hang
2026-02-17 16:41:33 - DebuggerAgent - INFO - Execution test passed
2026-02-17 16:41:33 - DebuggerAgent - INFO - All validation checks PASSED
2026-02-17 16:55:28 - DebuggerAgent - INFO - Starting code validation
2026-02-17 16:55:28 - DebuggerAgent - INFO - Validating 1 file(s): ['main.py']
2026-02-17 16:55:28 - DebuggerAgent - INFO - Step 1: Checking syntax
2026-02-17 16:55:28 - DebuggerAgent - INFO - Syntax check passed
2026-02-17 16:55:28 - DebuggerAgent - INFO - Step 2: Checking imports
2026-02-17 16:55:28 - DebuggerAgent - INFO - Import check passed
2026-02-17 16:55:28 - DebuggerAgent - INFO - Step 3: Attempting code execution
2026-02-17 16:55:28 - DebuggerAgent - INFO - Entry point identified: main.py
2026-02-17 16:55:28 - DebuggerAgent - WARNING - Code contains input() calls which may cause execution to hang
2026-02-17 16:55:28 - DebuggerAgent - INFO - Execution test passed
2026-02-17 16:55:28 - DebuggerAgent - INFO - All validation checks PASSED
2026-02-17 17:00:34 - DebuggerAgent - INFO - Starting code validation
2026-02-17 17:00:34 - DebuggerAgent - INFO - Validating 1 file(s): ['main.py']
2026-02-17 17:00:34 - DebuggerAgent - INFO - Step 1: Checking syntax
2026-02-17 17:00:34 - DebuggerAgent - ERROR - Syntax error in main.py at line 4: unindent does not match any outer indentation level
2026-02-17 17:00:34 - DebuggerAgent - ERROR - Syntax check failed with 1 error(s)
2026-02-17 17:00:34 - DebuggerAgent - ERROR -   - main.py:4 SyntaxError: unindent does not match any outer indentation level at line 4
2026-02-17 17:01:10 - DebuggerAgent - INFO - Starting code validation
2026-02-17 17:01:10 - DebuggerAgent - INFO - Validating 1 file(s): ['main.py']
2026-02-17 17:01:10 - DebuggerAgent - INFO - Step 1: Checking syntax
2026-02-17 17:01:10 - DebuggerAgent - ERROR - Syntax error in main.py at line 1: unexpected character after line continuation character
2026-02-17 17:01:10 - DebuggerAgent - ERROR - Syntax check failed with 1 error(s)
2026-02-17 17:01:10 - DebuggerAgent - ERROR -   - main.py:1 SyntaxError: unexpected character after line continuation character at line 1
2026-02-17 17:01:48 - DebuggerAgent - INFO - Starting code validation
2026-02-17 17:01:48 - DebuggerAgent - INFO - Validating 1 file(s): ['main.py']
2026-02-17 17:01:48 - DebuggerAgent - INFO - Step 1: Checking syntax
2026-02-17 17:01:48 - DebuggerAgent - ERROR - Syntax error in main.py at line 1: unexpected character after line continuation character
2026-02-17 17:01:48 - DebuggerAgent - ERROR - Syntax check failed with 1 error(s)
2026-02-17 17:01:48 - DebuggerAgent - ERROR -   - main.py:1 SyntaxError: unexpected character after line continuation character at line 1
2026-02-17 17:02:20 - DebuggerAgent - INFO - Starting code validation
2026-02-17 17:02:20 - DebuggerAgent - INFO - Validating 1 file(s): ['main.py']
2026-02-17 17:02:20 - DebuggerAgent - INFO - Step 1: Checking syntax
2026-02-17 17:02:20 - DebuggerAgent - INFO - Syntax check passed
2026-02-17 17:02:20 - DebuggerAgent - INFO - Step 2: Checking imports
2026-02-17 17:02:20 - DebuggerAgent - INFO - Import check passed
2026-02-17 17:02:20 - DebuggerAgent - INFO - Step 3: Attempting code execution
2026-02-17 17:02:20 - DebuggerAgent - INFO - Entry point identified: main.py
2026-02-17 17:02:20 - DebuggerAgent - WARNING - Code contains input() calls which may cause execution to hang
2026-02-17 17:02:20 - DebuggerAgent - INFO - Execution test passed
2026-02-17 17:02:20 - DebuggerAgent - INFO - All validation checks PASSED
2026-02-17 17:17:27 - DebuggerAgent - INFO - Starting code validation
2026-02-17 17:17:27 - DebuggerAgent - INFO - Validating 1 file(s): ['main.py']
2026-02-17 17:17:27 - DebuggerAgent - INFO - Step 1: Checking syntax
2026-02-17 17:17:27 - DebuggerAgent - ERROR - Syntax error in main.py at line 1: unexpected character after line continuation character
2026-02-17 17:17:27 - DebuggerAgent - ERROR - Syntax check failed with 1 error(s)
2026-02-17 17:17:27 - DebuggerAgent - ERROR -   - main.py:1 SyntaxError: unexpected character after line continuation character at line 1
2026-02-17 17:18:24 - DebuggerAgent - INFO - Starting code validation
2026-02-17 17:18:24 - DebuggerAgent - INFO - Validating 1 file(s): ['main.py']
2026-02-17 17:18:24 - DebuggerAgent - INFO - Step 1: Checking syntax
2026-02-17 17:18:24 - DebuggerAgent - ERROR - Syntax error in main.py at line 1: unexpected character after line continuation character
2026-02-17 17:18:24 - DebuggerAgent - ERROR - Syntax check failed with 1 error(s)
2026-02-17 17:18:24 - DebuggerAgent - ERROR -   - main.py:1 SyntaxError: unexpected character after line continuation character at line 1
2026-02-17 17:19:09 - DebuggerAgent - INFO - Starting code validation
2026-02-17 17:19:09 - DebuggerAgent - INFO - Validating 1 file(s): ['main.py']
2026-02-17 17:19:09 - DebuggerAgent - INFO - Step 1: Checking syntax
2026-02-17 17:19:09 - DebuggerAgent - INFO - Syntax check passed
2026-02-17 17:19:09 - DebuggerAgent - INFO - Step 2: Checking imports
2026-02-17 17:19:09 - DebuggerAgent - INFO - Import check passed
2026-02-17 17:19:09 - DebuggerAgent - INFO - Step 3: Attempting code execution
2026-02-17 17:19:09 - DebuggerAgent - INFO - Entry point identified: main.py
2026-02-17 17:19:09 - DebuggerAgent - WARNING - Code contains input() calls which may cause execution to hang
2026-02-17 17:19:09 - DebuggerAgent - INFO - Execution test passed
2026-02-17 17:19:09 - DebuggerAgent - INFO - All validation checks PASSED
2026-02-17 17:28:54 - DebuggerAgent - INFO - Starting code validation
2026-02-17 17:28:54 - DebuggerAgent - INFO - Validating 1 file(s): ['main.py']
2026-02-17 17:28:54 - DebuggerAgent - INFO - Step 1: Checking syntax
2026-02-17 17:28:54 - DebuggerAgent - INFO - Syntax check passed
2026-02-17 17:28:54 - DebuggerAgent - INFO - Step 2: Checking imports
2026-02-17 17:28:54 - DebuggerAgent - INFO - Import check passed
2026-02-17 17:28:54 - DebuggerAgent - INFO - Step 3: Attempting code execution
2026-02-17 17:28:54 - DebuggerAgent - INFO - Entry point identified: main.py
2026-02-17 17:28:54 - DebuggerAgent - WARNING - Code contains input() calls which may cause execution to hang
2026-02-17 17:28:54 - DebuggerAgent - INFO - Execution test passed
2026-02-17 17:28:54 - DebuggerAgent - INFO - All validation checks PASSED
2026-02-17 17:34:10 - DebuggerAgent - INFO - Starting code validation
2026-02-17 17:34:10 - DebuggerAgent - INFO - Validating 1 file(s): ['main.py']
2026-02-17 17:34:10 - DebuggerAgent - INFO - Step 1: Checking syntax
2026-02-17 17:34:10 - DebuggerAgent - ERROR - Syntax error in main.py at line 1: unexpected character after line continuation character
2026-02-17 17:34:10 - DebuggerAgent - ERROR - Syntax check failed with 1 error(s)
2026-02-17 17:34:10 - DebuggerAgent - ERROR -   - main.py:1 SyntaxError: unexpected character after line continuation character at line 1
2026-02-17 17:35:04 - DebuggerAgent - INFO - Starting code validation
2026-02-17 17:35:04 - DebuggerAgent - INFO - Validating 1 file(s): ['main.py']
2026-02-17 17:35:04 - DebuggerAgent - INFO - Step 1: Checking syntax
2026-02-17 17:35:04 - DebuggerAgent - INFO - Syntax check passed
2026-02-17 17:35:04 - DebuggerAgent - INFO - Step 2: Checking imports
2026-02-17 17:35:04 - DebuggerAgent - INFO - Import check passed
2026-02-17 17:35:04 - DebuggerAgent - INFO - Step 3: Attempting code execution
2026-02-17 17:35:04 - DebuggerAgent - INFO - Entry point identified: main.py
2026-02-17 17:35:04 - DebuggerAgent - WARNING - Code contains input() calls which may cause execution to hang
2026-02-17 17:35:04 - DebuggerAgent - INFO - Execution test passed
2026-02-17 17:35:04 - DebuggerAgent - INFO - All validation checks PASSED
2026-02-17 17:41:33 - DebuggerAgent - INFO - Starting code validation
2026-02-17 17:41:33 - DebuggerAgent - INFO - Validating 1 file(s): ['main.py']
2026-02-17 17:41:33 - DebuggerAgent - INFO - Step 1: Checking syntax
2026-02-17 17:41:33 - DebuggerAgent - INFO - Syntax check passed
2026-02-17 17:41:33 - DebuggerAgent - INFO - Step 2: Checking imports
2026-02-17 17:41:33 - DebuggerAgent - INFO - Import check passed
2026-02-17 17:41:33 - DebuggerAgent - INFO - Step 3: Attempting code execution
2026-02-17 17:41:33 - DebuggerAgent - INFO - Entry point identified: main.py
2026-02-17 17:41:33 - DebuggerAgent - WARNING - Code contains input() calls which may cause execution to hang
2026-02-17 17:41:33 - DebuggerAgent - INFO - Execution test passed
2026-02-17 17:41:33 - DebuggerAgent - INFO - All validation checks PASSED
2026-02-17 17:48:13 - DebuggerAgent - INFO - Starting code validation
2026-02-17 17:48:13 - DebuggerAgent - INFO - Validating 1 file(s): ['main.py']
2026-02-17 17:48:13 - DebuggerAgent - INFO - Step 1: Checking syntax
2026-02-17 17:48:13 - DebuggerAgent - ERROR - Syntax error in main.py at line 18: unterminated string literal (detected at line 18)
2026-02-17 17:48:13 - DebuggerAgent - ERROR - Syntax check failed with 1 error(s)
2026-02-17 17:48:13 - DebuggerAgent - ERROR -   - main.py:18 SyntaxError: unterminated string literal (detected at line 18) at line 18
2026-02-17 17:49:06 - DebuggerAgent - INFO - Starting code validation
2026-02-17 17:49:06 - DebuggerAgent - ERROR - JSON decode error: Invalid \escape at line 3, col 309
2026-02-17 17:49:06 - DebuggerAgent - ERROR - JSON parsing failed with 1 error(s)
2026-02-17 17:49:57 - DebuggerAgent - INFO - Starting code validation
2026-02-17 17:49:57 - DebuggerAgent - ERROR - JSON decode error: Invalid \escape at line 3, col 309
2026-02-17 17:49:57 - DebuggerAgent - ERROR - JSON parsing failed with 1 error(s)
2026-02-17 17:50:38 - DebuggerAgent - INFO - Starting code validation
2026-02-17 17:50:38 - DebuggerAgent - INFO - Validating 1 file(s): ['main.py']
2026-02-17 17:50:38 - DebuggerAgent - INFO - Step 1: Checking syntax
2026-02-17 17:50:38 - DebuggerAgent - ERROR - Syntax error in main.py at line 1: unexpected character after line continuation character
2026-02-17 17:50:38 - DebuggerAgent - ERROR - Syntax check failed with 1 error(s)
2026-02-17 17:50:38 - DebuggerAgent - ERROR -   - main.py:1 SyntaxError: unexpected character after line continuation character at line 1
2026-02-17 17:51:35 - DebuggerAgent - INFO - Starting code validation
2026-02-17 17:51:35 - DebuggerAgent - ERROR - JSON decode error: Invalid \escape at line 3, col 314
2026-02-17 17:51:35 - DebuggerAgent - ERROR - JSON parsing failed with 1 error(s)
2026-02-17 17:52:28 - DebuggerAgent - INFO - Starting code validation
2026-02-17 17:52:28 - DebuggerAgent - ERROR - JSON decode error: Invalid \escape at line 3, col 309
2026-02-17 17:52:28 - DebuggerAgent - ERROR - JSON parsing failed with 1 error(s)
2026-02-17 17:54:36 - DebuggerAgent - INFO - Starting code validation
2026-02-17 17:54:36 - DebuggerAgent - INFO - Validating 1 file(s): ['main.py']
2026-02-17 17:54:36 - DebuggerAgent - INFO - Step 1: Checking syntax
2026-02-17 17:54:36 - DebuggerAgent - INFO - Syntax check passed
2026-02-17 17:54:36 - DebuggerAgent - INFO - Step 2: Checking imports
2026-02-17 17:54:36 - DebuggerAgent - INFO - Import check passed
2026-02-17 17:54:36 - DebuggerAgent - INFO - Step 3: Attempting code execution
2026-02-17 17:54:36 - DebuggerAgent - INFO - Entry point identified: main.py
2026-02-17 17:54:36 - DebuggerAgent - WARNING - Code contains input() calls which may cause execution to hang
2026-02-17 17:54:36 - DebuggerAgent - INFO - Execution test passed
2026-02-17 17:54:36 - DebuggerAgent - INFO - All validation checks PASSED
2026-02-18 10:47:47 - DebuggerAgent - INFO - Starting code validation
2026-02-18 10:47:47 - DebuggerAgent - INFO - Validating 1 file(s): ['main.py']
2026-02-18 10:47:47 - DebuggerAgent - INFO - Step 1: Checking syntax
2026-02-18 10:47:47 - DebuggerAgent - INFO - Syntax check passed
2026-02-18 10:47:47 - DebuggerAgent - INFO - Step 2: Checking imports
2026-02-18 10:47:47 - DebuggerAgent - INFO - Import check passed
2026-02-18 10:47:47 - DebuggerAgent - INFO - Step 3: Attempting code execution
2026-02-18 10:47:47 - DebuggerAgent - INFO - Entry point identified: main.py
2026-02-18 10:47:47 - DebuggerAgent - WARNING - Code contains input() calls which may cause execution to hang
2026-02-18 10:47:47 - DebuggerAgent - INFO - Execution test passed
2026-02-18 10:47:47 - DebuggerAgent - INFO - All validation checks PASSED
